<?xml version="1.0" encoding="UTF-8"?>
<!-- Generated by org.testng.reporters.JUnitXMLReporter -->
<testsuite hostname="rahulda-W10" name="Test" tests="3" failures="1" timestamp="29 May 2019 13:10:13 GMT" time="112.783" errors="0">
  <testcase name="verifySpreadSheetData" time="53.335" classname="com.tests.automationTest"/>
  <testcase name="verifyBrokenLinks" time="30.139" classname="com.tests.automationTest">
    <failure type="java.lang.AssertionError" message="The following asserts failed:
null, null">
      <![CDATA[java.lang.AssertionError: The following asserts failed:
null, null
	at com.tests.automationTest.verifyBrokenLinks(automationTest.java:189)
... Removed 25 stack frames]]>
    </failure>
  </testcase> <!-- verifyBrokenLinks -->
  <testcase name="verifyAWSSettings" time="14.666" classname="com.tests.automationTest"/>
</testsuite> <!-- Test -->
