<?xml version="1.0" encoding="UTF-8"?>
<testsuite xmlns:xsi="http://www.w3.org/2001/XMLSchema-instance" xsi:noNamespaceSchemaLocation="https://maven.apache.org/surefire/maven-surefire-plugin/xsd/surefire-test-report.xsd" name="TestSuite" time="115.331" tests="3" errors="0" skipped="0" failures="1">
  <properties>
[...]
</properties>
  <testcase name="verifySpreadSheetData" classname="com.tests.automationTest" time="54.518">
    <failure type="java.lang.AssertionError:">java.lang.AssertionError: 
	at com.tests.automationTest.verifySpreadSheetData(automationTest.java:160)
</failure>
    <system-out><![CDATA[Credentials saved to C:\Users\rahulda\.credentials\sheets.googleapis
In Before Test.......
In Before BeforeMethod.......
]]></system-out>
    <system-err><![CDATA[May 28, 2019 2:31:25 PM com.google.api.client.util.store.FileDataStoreFactory setPermissionsToOwnerOnly
WARNING: unable to change permissions for everybody: C:\Users\rahulda\.credentials\sheets.googleapis
May 28, 2019 2:31:25 PM com.google.api.client.util.store.FileDataStoreFactory setPermissionsToOwnerOnly
WARNING: unable to change permissions for owner: C:\Users\rahulda\.credentials\sheets.googleapis
Starting ChromeDriver 2.41.578737 (49da6702b16031c40d63e5618de03a32ff6c197e) on port 39394
Only local connections are allowed.
]]></system-err>
  </testcase>
  <testcase name="verifyBrokenLinks" classname="com.tests.automationTest" time="31.225"/>
  <testcase name="verifyAWSSettings" classname="com.tests.automationTest" time="14.594"/>
</testsuite>