<?xml version="1.0" encoding="UTF-8"?>
<testng-results skipped="0" failed="1" total="3" passed="2">
  <reporter-output>
    <line>
      <![CDATA[Issue is in hosts.default.js file<br>expected [name: 'local.paramountnetwork33.com'] but found [name: 'local.paramountnetwork.com']<br>]]>
    </line>
    <line>
      <![CDATA[-----------------------------]]>
    </line>
    <line>
      <![CDATA[200 ---https://stage-www-paramountnetwork-es.webplex.vmn.io/]]>
    </line>
    <line>
      <![CDATA[200 ---https://stage-www-paramountnetwork-es.webplex.vmn.io/series]]>
    </line>
    <line>
      <![CDATA[200 ---https://stage-www-paramountnetwork-es.webplex.vmn.io/series/arfbpn/alice-nevers]]>
    </line>
    <line>
      <![CDATA[200 ---https://stage-www-paramountnetwork-es.webplex.vmn.io/series/ndk3rd/sherlock-serie]]>
    </line>
    <line>
      <![CDATA[200 ---https://stage-www-paramountnetwork-es.webplex.vmn.io/series/zp4jez/asesinatos-midsomer]]>
    </line>
    <line>
      <![CDATA[200 ---https://stage-www-paramountnetwork-es.webplex.vmn.io/series/4bg18r/waco]]>
    </line>
    <line>
      <![CDATA[200 ---https://stage-www-paramountnetwork-es.webplex.vmn.io/series/02j6or/candice-renoir]]>
    </line>
    <line>
      <![CDATA[200 ---https://stage-www-paramountnetwork-es.webplex.vmn.io/series/tik4kf/alaska-y-mario]]>
    </line>
    <line>
      <![CDATA[200 ---https://stage-www-paramountnetwork-es.webplex.vmn.io/series/h1eabb/padre-brown]]>
    </line>
    <line>
      <![CDATA[200 ---https://stage-www-paramountnetwork-es.webplex.vmn.io/series/gyjii0/colombo]]>
    </line>
    <line>
      <![CDATA[200 ---https://stage-www-paramountnetwork-es.webplex.vmn.io/series/tfk5zv/ncis-nueva-orleans]]>
    </line>
    <line>
      <![CDATA[200 ---https://stage-www-paramountnetwork-es.webplex.vmn.io/series/m6abug/agatha-christie-poirot]]>
    </line>
    <line>
      <![CDATA[200 ---https://stage-www-paramountnetwork-es.webplex.vmn.io/series/jq1co4/miss-marple]]>
    </line>
    <line>
      <![CDATA[200 ---https://stage-www-paramountnetwork-es.webplex.vmn.io/episodios]]>
    </line>
    <line>
      <![CDATA[200 ---https://stage-www-paramountnetwork-es.webplex.vmn.io/series]]>
    </line>
    <line>
      <![CDATA[200 ---https://stage-www-paramountnetwork-es.webplex.vmn.io/peliculas]]>
    </line>
    <line>
      <![CDATA[200 ---https://stage-www-paramountnetwork-es.webplex.vmn.io/en-directo/4ypes1]]>
    </line>
    <line>
      <![CDATA[200 ---https://stage-www-paramountnetwork-es.webplex.vmn.io/series/arfbpn/alice-nevers]]>
    </line>
    <line>
      <![CDATA[200 ---https://stage-www-paramountnetwork-es.webplex.vmn.io/series/ndk3rd/Sherlock-serie]]>
    </line>
    <line>
      <![CDATA[200 ---https://stage-www-paramountnetwork-es.webplex.vmn.io/series/zp4jez/asesinatos-midsomer]]>
    </line>
    <line>
      <![CDATA[200 ---https://stage-www-paramountnetwork-es.webplex.vmn.io/peliculas/mvxizy/margin-call]]>
    </line>
    <line>
      <![CDATA[200 ---https://stage-www-paramountnetwork-es.webplex.vmn.io/series/tfk5zv/ncis-nueva-orleans]]>
    </line>
    <line>
      <![CDATA[200 ---https://stage-www-paramountnetwork-es.webplex.vmn.io/especial/nk72bi/conviertete-en-negociador]]>
    </line>
    <line>
      <![CDATA[200 ---https://stage-www-paramountnetwork-es.webplex.vmn.io/series/4bg18r/waco]]>
    </line>
    <line>
      <![CDATA[200 ---https://stage-www-paramountnetwork-es.webplex.vmn.io/episodios/0v2hn2/]]>
    </line>
    <line>
      <![CDATA[200 ---https://stage-www-paramountnetwork-es.webplex.vmn.io/clips/yczjxh/]]>
    </line>
    <line>
      <![CDATA[200 ---http://www.mtvnsouthservices.com/gsp/international/paramountchannel.es/programacion_paramount_channel.pdf]]>
    </line>
    <line>
      <![CDATA[200 ---https://stage-www-paramountnetwork-es.webplex.vmn.io/legal/9qb8bi/aviso-legal]]>
    </line>
    <line>
      <![CDATA[200 ---https://stage-www-paramountnetwork-es.webplex.vmn.io/legal/7zpw2o/contactanos]]>
    </line>
    <line>
      <![CDATA[200 ---https://stage-www-paramountnetwork-es.webplex.vmn.io/legal/kj9fjo/anunciate-con-nosotros]]>
    </line>
    <line>
      <![CDATA[200 ---https://stage-www-paramountnetwork-es.webplex.vmn.io/legal/drcgaq/politica-de-privacidad]]>
    </line>
    <line>
      <![CDATA[200 ---https://stage-www-paramountnetwork-es.webplex.vmn.io/legal/z7iddc/terminos-y-condiciones-de-uso]]>
    </line>
    <line>
      <![CDATA[200 ---https://stage-www-paramountnetwork-es.webplex.vmn.io/legal/87j0af/politica-de-cookies]]>
    </line>
    <line>
      <![CDATA[200 ---http://www.mtv.es/]]>
    </line>
    <line>
      <![CDATA[200 ---http://www.nickelodeon.es/]]>
    </line>
    <line>
      <![CDATA[200 ---https://www.facebook.com/ParamountNetworkEs]]>
    </line>
    <line>
      <![CDATA[200 ---https://www.instagram.com/paramountnetworkes/]]>
    </line>
  </reporter-output>
  <suite name="Suite" duration-ms="114593" started-at="2019-05-28T09:01:25Z" finished-at="2019-05-28T09:03:20Z">
    <groups>
    </groups>
    <test name="Test" duration-ms="114593" started-at="2019-05-28T09:01:25Z" finished-at="2019-05-28T09:03:20Z">
      <class name="com.tests.automationTest">
        <test-method status="PASS" signature="bedoreSuite()[pri:0, instance:com.tests.automationTest@2cb4c3ab]" name="bedoreSuite" is-config="true" duration-ms="321" started-at="2019-05-28T14:31:25Z" finished-at="2019-05-28T14:31:25Z">
          <reporter-output>
          </reporter-output>
        </test-method> <!-- bedoreSuite -->
        <test-method status="PASS" signature="getSpreadSheetData()[pri:0, instance:com.tests.automationTest@2cb4c3ab]" name="getSpreadSheetData" is-config="true" duration-ms="2070" started-at="2019-05-28T14:31:25Z" finished-at="2019-05-28T14:31:27Z">
          <reporter-output>
          </reporter-output>
        </test-method> <!-- getSpreadSheetData -->
        <test-method status="PASS" signature="navigateToStash()[pri:0, instance:com.tests.automationTest@2cb4c3ab]" name="navigateToStash" is-config="true" duration-ms="2917" started-at="2019-05-28T14:31:27Z" finished-at="2019-05-28T14:31:30Z">
          <reporter-output>
          </reporter-output>
        </test-method> <!-- navigateToStash -->
        <test-method status="FAIL" signature="verifySpreadSheetData(com.dataobject.WebplexFieldNames)[pri:0, instance:com.tests.automationTest@2cb4c3ab]" name="verifySpreadSheetData" duration-ms="54503" started-at="2019-05-28T14:31:30Z" data-provider="getInputData" finished-at="2019-05-28T14:32:25Z">
          <params>
            <param index="0">
              <value>
                <![CDATA[com.dataobject.WebplexFieldNames@10027fc9]]>
              </value>
            </param>
          </params>
          <exception class="java.lang.AssertionError">
            <full-stacktrace>
              <![CDATA[java.lang.AssertionError: 
	at org.testng.Assert.fail(Assert.java:94)
	at com.tests.automationTest.verifySpreadSheetData(automationTest.java:160)
	at sun.reflect.NativeMethodAccessorImpl.invoke0(Native Method)
	at sun.reflect.NativeMethodAccessorImpl.invoke(NativeMethodAccessorImpl.java:62)
	at sun.reflect.DelegatingMethodAccessorImpl.invoke(DelegatingMethodAccessorImpl.java:43)
	at java.lang.reflect.Method.invoke(Method.java:498)
	at org.testng.internal.MethodInvocationHelper.invokeMethod(MethodInvocationHelper.java:80)
	at org.testng.internal.Invoker.invokeMethod(Invoker.java:714)
	at org.testng.internal.Invoker.invokeTestMethod(Invoker.java:901)
	at org.testng.internal.Invoker.invokeTestMethods(Invoker.java:1231)
	at org.testng.internal.TestMethodWorker.invokeTestMethods(TestMethodWorker.java:127)
	at org.testng.internal.TestMethodWorker.run(TestMethodWorker.java:111)
	at org.testng.TestRunner.privateRun(TestRunner.java:767)
	at org.testng.TestRunner.run(TestRunner.java:617)
	at org.testng.SuiteRunner.runTest(SuiteRunner.java:334)
	at org.testng.SuiteRunner.runSequentially(SuiteRunner.java:329)
	at org.testng.SuiteRunner.privateRun(SuiteRunner.java:291)
	at org.testng.SuiteRunner.run(SuiteRunner.java:240)
	at org.testng.SuiteRunnerWorker.runSuite(SuiteRunnerWorker.java:52)
	at org.testng.SuiteRunnerWorker.run(SuiteRunnerWorker.java:86)
	at org.testng.TestNG.runSuitesSequentially(TestNG.java:1198)
	at org.testng.TestNG.runSuitesLocally(TestNG.java:1123)
	at org.testng.TestNG.run(TestNG.java:1031)
	at org.apache.maven.surefire.testng.TestNGExecutor.run(TestNGExecutor.java:283)
	at org.apache.maven.surefire.testng.TestNGXmlTestSuite.execute(TestNGXmlTestSuite.java:75)
	at org.apache.maven.surefire.testng.TestNGProvider.invoke(TestNGProvider.java:120)
	at org.apache.maven.surefire.booter.ForkedBooter.invokeProviderInSameClassLoader(ForkedBooter.java:386)
	at org.apache.maven.surefire.booter.ForkedBooter.runSuitesInProcess(ForkedBooter.java:323)
	at org.apache.maven.surefire.booter.ForkedBooter.main(ForkedBooter.java:143)
]]>
            </full-stacktrace>
          </exception> <!-- java.lang.AssertionError -->
          <reporter-output>
            <line>
              <![CDATA[Issue is in hosts.default.js file<br>expected [name: 'local.paramountnetwork33.com'] but found [name: 'local.paramountnetwork.com']<br>]]>
            </line>
            <line>
              <![CDATA[-----------------------------]]>
            </line>
          </reporter-output>
        </test-method> <!-- verifySpreadSheetData -->
        <test-method status="PASS" signature="tearDown()[pri:0, instance:com.tests.automationTest@2cb4c3ab]" name="tearDown" is-config="true" duration-ms="1266" started-at="2019-05-28T14:32:25Z" finished-at="2019-05-28T14:32:26Z">
          <reporter-output>
          </reporter-output>
        </test-method> <!-- tearDown -->
        <test-method status="PASS" signature="navigateToStash()[pri:0, instance:com.tests.automationTest@2cb4c3ab]" name="navigateToStash" is-config="true" duration-ms="2750" started-at="2019-05-28T14:32:26Z" finished-at="2019-05-28T14:32:29Z">
          <reporter-output>
          </reporter-output>
        </test-method> <!-- navigateToStash -->
        <test-method status="PASS" signature="verifyBrokenLinks()[pri:0, instance:com.tests.automationTest@2cb4c3ab]" name="verifyBrokenLinks" duration-ms="31216" started-at="2019-05-28T14:32:29Z" finished-at="2019-05-28T14:33:00Z">
          <reporter-output>
            <line>
              <![CDATA[200 ---https://stage-www-paramountnetwork-es.webplex.vmn.io/]]>
            </line>
            <line>
              <![CDATA[200 ---https://stage-www-paramountnetwork-es.webplex.vmn.io/series]]>
            </line>
            <line>
              <![CDATA[200 ---https://stage-www-paramountnetwork-es.webplex.vmn.io/series/arfbpn/alice-nevers]]>
            </line>
            <line>
              <![CDATA[200 ---https://stage-www-paramountnetwork-es.webplex.vmn.io/series/ndk3rd/sherlock-serie]]>
            </line>
            <line>
              <![CDATA[200 ---https://stage-www-paramountnetwork-es.webplex.vmn.io/series/zp4jez/asesinatos-midsomer]]>
            </line>
            <line>
              <![CDATA[200 ---https://stage-www-paramountnetwork-es.webplex.vmn.io/series/4bg18r/waco]]>
            </line>
            <line>
              <![CDATA[200 ---https://stage-www-paramountnetwork-es.webplex.vmn.io/series/02j6or/candice-renoir]]>
            </line>
            <line>
              <![CDATA[200 ---https://stage-www-paramountnetwork-es.webplex.vmn.io/series/tik4kf/alaska-y-mario]]>
            </line>
            <line>
              <![CDATA[200 ---https://stage-www-paramountnetwork-es.webplex.vmn.io/series/h1eabb/padre-brown]]>
            </line>
            <line>
              <![CDATA[200 ---https://stage-www-paramountnetwork-es.webplex.vmn.io/series/gyjii0/colombo]]>
            </line>
            <line>
              <![CDATA[200 ---https://stage-www-paramountnetwork-es.webplex.vmn.io/series/tfk5zv/ncis-nueva-orleans]]>
            </line>
            <line>
              <![CDATA[200 ---https://stage-www-paramountnetwork-es.webplex.vmn.io/series/m6abug/agatha-christie-poirot]]>
            </line>
            <line>
              <![CDATA[200 ---https://stage-www-paramountnetwork-es.webplex.vmn.io/series/jq1co4/miss-marple]]>
            </line>
            <line>
              <![CDATA[200 ---https://stage-www-paramountnetwork-es.webplex.vmn.io/episodios]]>
            </line>
            <line>
              <![CDATA[200 ---https://stage-www-paramountnetwork-es.webplex.vmn.io/series]]>
            </line>
            <line>
              <![CDATA[200 ---https://stage-www-paramountnetwork-es.webplex.vmn.io/peliculas]]>
            </line>
            <line>
              <![CDATA[200 ---https://stage-www-paramountnetwork-es.webplex.vmn.io/en-directo/4ypes1]]>
            </line>
            <line>
              <![CDATA[200 ---https://stage-www-paramountnetwork-es.webplex.vmn.io/series/arfbpn/alice-nevers]]>
            </line>
            <line>
              <![CDATA[200 ---https://stage-www-paramountnetwork-es.webplex.vmn.io/series/ndk3rd/Sherlock-serie]]>
            </line>
            <line>
              <![CDATA[200 ---https://stage-www-paramountnetwork-es.webplex.vmn.io/series/zp4jez/asesinatos-midsomer]]>
            </line>
            <line>
              <![CDATA[200 ---https://stage-www-paramountnetwork-es.webplex.vmn.io/peliculas/mvxizy/margin-call]]>
            </line>
            <line>
              <![CDATA[200 ---https://stage-www-paramountnetwork-es.webplex.vmn.io/series/tfk5zv/ncis-nueva-orleans]]>
            </line>
            <line>
              <![CDATA[200 ---https://stage-www-paramountnetwork-es.webplex.vmn.io/especial/nk72bi/conviertete-en-negociador]]>
            </line>
            <line>
              <![CDATA[200 ---https://stage-www-paramountnetwork-es.webplex.vmn.io/series/4bg18r/waco]]>
            </line>
            <line>
              <![CDATA[200 ---https://stage-www-paramountnetwork-es.webplex.vmn.io/episodios/0v2hn2/]]>
            </line>
            <line>
              <![CDATA[200 ---https://stage-www-paramountnetwork-es.webplex.vmn.io/clips/yczjxh/]]>
            </line>
            <line>
              <![CDATA[200 ---http://www.mtvnsouthservices.com/gsp/international/paramountchannel.es/programacion_paramount_channel.pdf]]>
            </line>
            <line>
              <![CDATA[200 ---https://stage-www-paramountnetwork-es.webplex.vmn.io/legal/9qb8bi/aviso-legal]]>
            </line>
            <line>
              <![CDATA[200 ---https://stage-www-paramountnetwork-es.webplex.vmn.io/legal/7zpw2o/contactanos]]>
            </line>
            <line>
              <![CDATA[200 ---https://stage-www-paramountnetwork-es.webplex.vmn.io/legal/kj9fjo/anunciate-con-nosotros]]>
            </line>
            <line>
              <![CDATA[200 ---https://stage-www-paramountnetwork-es.webplex.vmn.io/legal/drcgaq/politica-de-privacidad]]>
            </line>
            <line>
              <![CDATA[200 ---https://stage-www-paramountnetwork-es.webplex.vmn.io/legal/z7iddc/terminos-y-condiciones-de-uso]]>
            </line>
            <line>
              <![CDATA[200 ---https://stage-www-paramountnetwork-es.webplex.vmn.io/legal/87j0af/politica-de-cookies]]>
            </line>
            <line>
              <![CDATA[200 ---http://www.mtv.es/]]>
            </line>
            <line>
              <![CDATA[200 ---http://www.nickelodeon.es/]]>
            </line>
            <line>
              <![CDATA[200 ---https://www.facebook.com/ParamountNetworkEs]]>
            </line>
            <line>
              <![CDATA[200 ---https://www.instagram.com/paramountnetworkes/]]>
            </line>
          </reporter-output>
        </test-method> <!-- verifyBrokenLinks -->
        <test-method status="PASS" signature="tearDown()[pri:0, instance:com.tests.automationTest@2cb4c3ab]" name="tearDown" is-config="true" duration-ms="1218" started-at="2019-05-28T14:33:00Z" finished-at="2019-05-28T14:33:01Z">
          <reporter-output>
          </reporter-output>
        </test-method> <!-- tearDown -->
        <test-method status="PASS" signature="navigateToStash()[pri:0, instance:com.tests.automationTest@2cb4c3ab]" name="navigateToStash" is-config="true" duration-ms="2811" started-at="2019-05-28T14:33:01Z" finished-at="2019-05-28T14:33:04Z">
          <reporter-output>
          </reporter-output>
        </test-method> <!-- navigateToStash -->
        <test-method status="PASS" signature="verifyAWSSettings()[pri:0, instance:com.tests.automationTest@2cb4c3ab]" name="verifyAWSSettings" duration-ms="14593" started-at="2019-05-28T14:33:04Z" finished-at="2019-05-28T14:33:19Z">
          <reporter-output>
          </reporter-output>
        </test-method> <!-- verifyAWSSettings -->
        <test-method status="PASS" signature="tearDown()[pri:0, instance:com.tests.automationTest@2cb4c3ab]" name="tearDown" is-config="true" duration-ms="1211" started-at="2019-05-28T14:33:19Z" finished-at="2019-05-28T14:33:20Z">
          <reporter-output>
          </reporter-output>
        </test-method> <!-- tearDown -->
      </class> <!-- com.tests.automationTest -->
    </test> <!-- Test -->
  </suite> <!-- Suite -->
</testng-results>
